<?xml version="1.0" encoding="UTF-8"?>
<!-- Generated by org.testng.reporters.JUnitReportReporter -->
<testsuite hostname="DESKTOP-FIKRCRL" failures="0" tests="1" name="ui.RozetkaTest" time="17.935" errors="0" timestamp="2022-10-29T15:45:07 EEST" skipped="0">
  <testcase classname="ui.RozetkaTest" name="hpAddToBasketAndCheckPriceTest" time="17.935"/>
  <system-out/>
</testsuite> <!-- ui.RozetkaTest -->
