<?xml version="1.0" encoding="UTF-8"?>
<!-- Generated by org.testng.reporters.JUnitReportReporter -->
<testsuite hostname="DESKTOP-FIKRCRL" failures="0" tests="3" name="ui.RozetkaTest" time="18.152" errors="0" timestamp="2022-11-01T12:08:58 EET" skipped="0">
  <testcase classname="ui.RozetkaTest" name="hpAddToBasketAndCheckPriceTest" time="18.075"/>
  <system-out/>
  <testcase classname="ui.RozetkaTest" name="rozetkaEqualsRoZeTka" time="0.006"/>
  <system-out/>
  <testcase classname="ui.RozetkaTest" name="comarizon" time="0.071"/>
  <system-out/>
</testsuite> <!-- ui.RozetkaTest -->
